2024-11-29 12:41:11,714 :INFO : setup :Launching the application
2024-11-29 12:41:13,803 :INFO : AccountRegister :.....test_account_reg started......
2024-11-29 12:41:14,159 :INFO : AccountRegister :Entering the registration details
2024-11-29 12:41:15,599 :INFO : AccountRegister :Account created!....
2024-11-29 12:45:38,712 :INFO : setup : Launching the application
2024-11-29 12:45:40,889 :INFO : AccountRegister :.....test_account_reg started......
2024-11-29 12:45:41,268 :INFO : AccountRegister : Entering the registration details
2024-11-29 12:46:04,309 :INFO : setup : Launching the application
2024-11-29 12:46:08,259 :INFO : AccountRegister :.....test_account_reg started......
2024-11-29 12:46:08,668 :INFO : AccountRegister : Entering the registration details
2024-11-29 12:46:10,063 :INFO : AccountRegister : Account created!....
2024-11-29 12:47:42,539 :INFO : setup : Launching the application
2024-11-29 12:48:01,493 :INFO : setup : Launching the application
2024-11-29 12:59:40,737 :INFO : setup : Launching the application
2024-11-29 13:00:20,175 :INFO : setup : Launching the application
2024-11-29 13:00:40,981 :INFO : setup : Launching the application
2024-11-29 13:00:53,627 :INFO : setup : Launching the application
2024-11-29 13:01:11,480 :INFO : AccountRegister :.....test_account_reg started......
2024-11-29 13:01:11,961 :INFO : AccountRegister : Entering the registration details
2024-11-29 13:01:13,574 :INFO : AccountRegister : Account created!....
2024-11-29 13:01:33,017 :INFO : setup : Launching the application
2024-11-29 15:53:52,627 :INFO : setup : Launching the application
2024-11-29 15:53:53,700 :INFO : AccountRegister :.....test_account_reg started......
2024-11-29 15:53:54,243 :INFO : AccountRegister : Entering the registration details
2024-11-29 15:53:55,687 :INFO : AccountRegister : Account created!....
2024-11-29 15:54:31,379 :INFO : setup : Launching the application
2024-11-29 15:54:32,198 :INFO : AccountRegister :.....test_account_reg started......
2024-11-29 15:54:32,570 :INFO : AccountRegister : Entering the registration details
2024-11-29 15:54:34,017 :INFO : AccountRegister : Account created!....
2024-11-29 15:55:28,561 :INFO : setup : Launching the application
2024-11-29 15:55:29,526 :INFO : AccountRegister :.....test_account_reg started......
2024-11-29 15:55:29,880 :INFO : AccountRegister : Entering the registration details
2024-11-29 15:55:31,284 :INFO : AccountRegister : Account created!....
2024-11-29 16:37:20,520 :INFO : setup : Launching the application
2024-11-29 16:37:25,593 :INFO : AccountRegister :.....test_account_reg started......
2024-11-29 16:37:25,922 :INFO : AccountRegister : Entering the registration details
2024-11-29 16:37:26,084 :INFO : AccountRegister :zy1wd@gmail.com
2024-11-29 16:37:27,376 :INFO : AccountRegister : Account created!....
2024-11-29 16:52:16,683 :INFO : setup : Launching the application
2024-11-29 16:52:18,001 :INFO : Login : Navigated to the Login Page
2024-11-29 16:54:11,162 :INFO : setup : Launching the application
2024-11-29 16:54:12,416 :INFO : Login : Navigated to the Login Page
2024-11-29 16:55:59,209 :INFO : setup : Launching the application
2024-11-29 16:56:00,527 :INFO : Login : Navigated to the Login Page
2024-11-29 16:56:00,594 :INFO : Login : Entered the email
2024-11-29 16:56:00,640 :INFO : Login : Entered the password
2024-11-29 16:57:14,355 :INFO : setup : Launching the application
2024-11-29 16:57:15,613 :INFO : Login : Navigated to the Login Page
2024-11-29 16:57:15,681 :INFO : Login : Entered the email
2024-11-29 16:57:15,728 :INFO : Login : Entered the password
2024-11-29 16:57:46,600 :INFO : setup : Launching the application
2024-11-29 16:57:47,902 :INFO : Login : Navigated to the Login Page
2024-11-29 16:57:47,970 :INFO : Login : Entered the email
2024-11-29 16:57:48,016 :INFO : Login : Entered the password
2024-11-29 17:00:18,460 :INFO : setup : Launching the application
2024-11-29 17:00:20,003 :INFO : Login : Navigated to the Login Page
2024-11-29 17:00:20,076 :INFO : Login : Entered the email
2024-11-29 17:00:20,126 :INFO : Login : Entered the password
2024-11-29 17:00:20,194 :INFO : Login : Login button clicked
2024-11-29 17:27:04,843 :INFO : setup : Launching the application
2024-11-29 17:27:06,197 :INFO : Login : Navigated to the Login Page
2024-11-29 17:27:06,264 :INFO : Login : Entered the email
2024-11-29 17:27:06,310 :INFO : Login : Entered the password
2024-11-29 17:27:06,369 :INFO : Login : Login button clicked
2024-11-29 17:28:41,982 :INFO : setup : Launching the application
2024-11-29 17:28:43,170 :INFO : Login : Navigated to the Login Page
2024-11-29 17:28:43,238 :INFO : Login : Entered the email
2024-11-29 17:28:43,285 :INFO : Login : Entered the password
2024-11-29 17:28:43,345 :INFO : Login : Login button clicked
2024-11-29 17:28:52,567 :INFO : setup : Launching the application
2024-11-29 17:28:53,865 :INFO : Login : Navigated to the Login Page
2024-11-29 17:28:53,932 :INFO : Login : Entered the email
2024-11-29 17:28:53,978 :INFO : Login : Entered the password
2024-11-29 17:28:54,036 :INFO : Login : Login button clicked
2024-11-29 17:31:17,787 :INFO : setup : Launching the application
2024-11-29 17:31:19,170 :INFO : Login : Navigated to the Login Page
2024-11-29 17:31:19,245 :INFO : Login : Entered the email
2024-11-29 17:31:19,296 :INFO : Login : Entered the password
2024-11-29 17:31:19,363 :INFO : Login : Login button clicked
2024-11-29 17:31:21,380 :INFO : Login : Login successful
2024-11-29 17:32:57,931 :INFO : setup : Launching the application
2024-11-29 17:32:59,549 :INFO : Login : Navigated to the Login Page
2024-11-29 17:32:59,613 :INFO : Login : Entered the email
2024-11-29 17:32:59,665 :INFO : Login : Entered the password
2024-11-29 17:32:59,727 :INFO : Login : Login button clicked
2024-11-29 17:32:59,744 :INFO : Login : Login successful
2024-11-29 17:41:46,709 :INFO : setup : Launching the application
2024-11-29 17:41:47,653 :INFO : AccountRegister :.....test_account_reg started......
2024-11-29 17:41:48,091 :INFO : AccountRegister : Entering the registration details
2024-11-29 17:41:48,249 :INFO : AccountRegister :3s6sm@gmail.com
2024-11-29 17:41:49,539 :INFO : AccountRegister : Account created!....
2024-11-29 17:41:49,605 :INFO : setup : Launching the application
2024-11-29 17:41:49,605 :INFO : setup : Launching the application
2024-11-29 17:41:50,861 :INFO : Login : Navigated to the Login Page
2024-11-29 17:41:50,930 :INFO : Login : Entered the email
2024-11-29 17:41:50,975 :INFO : Login : Entered the password
2024-11-29 17:41:51,034 :INFO : Login : Login button clicked
2024-11-29 17:41:51,052 :INFO : Login : Login successful
2024-11-30 17:05:49,486 :INFO : setup : Launching the application
2024-11-30 17:05:51,759 :INFO : AccountRegister :.....test_account_reg started......
2024-11-30 17:05:52,236 :INFO : AccountRegister : Entering the registration details
2024-11-30 17:05:52,394 :INFO : AccountRegister :iudwe@gmail.com
2024-11-30 17:06:47,057 :INFO : setup : Launching the application
2024-11-30 17:06:49,261 :INFO : AccountRegister :.....test_account_reg started......
2024-11-30 17:06:49,785 :INFO : AccountRegister : Entering the registration details
2024-11-30 17:06:49,943 :INFO : AccountRegister :530wj@gmail.com
2024-11-30 17:06:51,231 :INFO : AccountRegister : Account created!....
2024-11-30 17:18:35,999 :INFO : setup : Launching the application
2024-11-30 17:18:39,702 :INFO : AccountRegister :.....test_account_reg started......
2024-11-30 17:18:40,103 :INFO : AccountRegister : Entering the registration details
2024-11-30 17:18:40,259 :INFO : AccountRegister :xgj9a@gmail.com
2024-12-02 20:58:52,264 :INFO : setup : Launching the application
2024-12-02 20:59:03,499 :INFO : AccountRegister :.....test_account_reg started......
2024-12-02 20:59:03,949 :INFO : AccountRegister : Entering the registration details
2024-12-02 20:59:04,099 :INFO : AccountRegister : 8h3c3@gmail.com
2024-12-03 15:13:16,689 :INFO : setup : Launching the application
2024-12-03 15:13:44,141 :INFO : setup : Launching the application
2024-12-03 15:14:41,072 :INFO : setup : Launching the application
2024-12-03 15:17:04,112 :INFO : setup : Launching the application
2024-12-03 15:18:41,589 :INFO : setup : Launching the application
2024-12-03 15:23:02,558 :INFO : setup : Launching the application
2024-12-03 15:24:07,719 :INFO : setup : Launching the application
2024-12-03 15:24:09,475 :INFO : AccountRegister :.....test_account_reg started......
2024-12-03 15:24:09,861 :INFO : AccountRegister : Entering the registration details
2024-12-03 15:24:10,020 :INFO : AccountRegister : mlnr6@gmail.com
2024-12-03 15:24:52,484 :INFO : setup : Launching the application
2024-12-03 15:24:54,206 :INFO : AccountRegister :.....test_account_reg started......
2024-12-03 15:24:54,609 :INFO : AccountRegister : Entering the registration details
2024-12-03 15:24:54,770 :INFO : AccountRegister : ukuv0@gmail.com
2024-12-03 15:24:57,058 :INFO : AccountRegister : Account created!....
2024-12-03 15:25:07,340 :INFO : setup : Launching the application
2024-12-03 15:25:09,550 :INFO : Login : Navigated to the Login Page
2024-12-03 15:25:09,615 :INFO : Login : Entered the email
2024-12-03 15:25:09,660 :INFO : Login : Entered the password
2024-12-03 15:25:21,554 :INFO : setup : Launching the application
2024-12-03 15:25:23,349 :INFO : AccountRegister :.....test_account_reg started......
2024-12-03 15:25:23,731 :INFO : AccountRegister : Entering the registration details
2024-12-03 15:25:23,887 :INFO : AccountRegister : 2e19b@gmail.com
2024-12-03 15:25:26,163 :INFO : AccountRegister : Account created!....
2024-12-03 15:25:29,303 :INFO : setup : Launching the application
2024-12-03 15:25:31,654 :INFO : Login : Navigated to the Login Page
2024-12-03 15:25:31,717 :INFO : Login : Entered the email
2024-12-03 15:25:31,766 :INFO : Login : Entered the password
2024-12-03 15:25:31,823 :INFO : Login : Login button clicked
2024-12-03 15:25:31,840 :INFO : Login : Login successful
2024-12-03 15:33:27,928 :INFO : setup : Launching the application
2024-12-03 15:33:29,364 :INFO : Login : Navigated to the Login Page
2024-12-03 15:33:29,431 :INFO : Login : Entered the email
2024-12-03 15:33:29,477 :INFO : Login : Entered the password
2024-12-03 15:33:29,536 :INFO : Login : Login button clicked
2024-12-03 15:33:29,553 :INFO : Login : Login successful
2024-12-03 15:34:48,003 :INFO : setup : Launching the application
2024-12-03 15:34:52,857 :INFO : Login : Navigated to the Login Page
2024-12-03 15:34:52,924 :INFO : Login : Entered the email
2024-12-03 15:34:52,973 :INFO : Login : Entered the password
2024-12-03 15:34:53,031 :INFO : Login : Login button clicked
2024-12-03 15:34:55,089 :INFO : Login : Login successful
2024-12-03 15:36:10,717 :INFO : setup : Launching the application
2024-12-03 15:36:13,558 :INFO : Login : Navigated to the Login Page
2024-12-03 15:36:13,622 :INFO : Login : Entered the email
2024-12-03 15:36:13,671 :INFO : Login : Entered the password
2024-12-03 15:36:13,728 :INFO : Login : Login button clicked
2024-12-03 15:36:15,784 :INFO : Login : Login successful
2024-12-03 15:37:32,539 :INFO : setup : Launching the application
2024-12-03 15:37:34,924 :INFO : Login : Navigated to the Login Page
2024-12-03 15:37:34,995 :INFO : Login : Entered the email
2024-12-03 15:37:35,042 :INFO : Login : Entered the password
2024-12-03 15:37:35,100 :INFO : Login : Login button clicked
2024-12-03 15:37:37,137 :INFO : Login : Login successful
2024-12-03 15:39:34,629 :INFO : setup : Launching the application
2024-12-03 15:39:37,294 :INFO : Login : Navigated to the Login Page
2024-12-03 15:39:37,365 :INFO : Login : Entered the email
2024-12-03 15:39:37,421 :INFO : Login : Entered the password
2024-12-03 15:39:37,488 :INFO : Login : Login button clicked
2024-12-03 15:39:39,544 :INFO : Login : Login successful
2024-12-03 15:54:53,631 :INFO : setup : Launching the application
2024-12-03 15:54:58,461 :INFO : Login : Navigated to the Login Page
2024-12-03 15:54:58,532 :INFO : Login : Entered the email
2024-12-03 15:54:58,579 :INFO : Login : Entered the password
2024-12-03 15:54:58,640 :INFO : Login : Login button clicked
2024-12-03 15:55:00,676 :INFO : Login : Login successful
2024-12-03 16:07:30,247 :INFO : setup : Launching the application
2024-12-03 16:07:36,422 :INFO : Login : Navigated to the Login Page
2024-12-03 16:07:36,490 :INFO : Login : Entered the email
2024-12-03 16:07:36,537 :INFO : Login : Entered the password
2024-12-03 16:07:36,597 :INFO : Login : Login button clicked
2024-12-03 16:07:38,634 :INFO : Login : Login successful
2024-12-03 16:10:19,958 :INFO : setup : Launching the application
2024-12-03 16:10:26,790 :INFO : Login : Navigated to the Login Page
2024-12-03 16:10:26,865 :INFO : Login : Entered the email
2024-12-03 16:10:26,919 :INFO : Login : Entered the password
2024-12-03 16:10:34,990 :INFO : setup : Launching the application
2024-12-03 16:10:41,616 :INFO : Login : Navigated to the Login Page
2024-12-03 16:10:41,691 :INFO : Login : Entered the email
2024-12-03 16:10:41,745 :INFO : Login : Entered the password
2024-12-03 16:10:41,811 :INFO : Login : Login button clicked
2024-12-03 16:10:43,881 :INFO : Login : Login successful
2024-12-03 16:11:13,460 :INFO : setup : Launching the application
2024-12-03 16:11:15,830 :INFO : Login : Navigated to the Login Page
2024-12-03 16:11:15,899 :INFO : Login : Entered the email
2024-12-03 16:11:15,950 :INFO : Login : Entered the password
2024-12-03 16:11:16,017 :INFO : Login : Login button clicked
2024-12-03 16:11:18,034 :INFO : Login : Login successful
2024-12-03 16:17:12,450 :INFO : setup : Launching the application
2024-12-03 16:17:14,578 :INFO : Login : Navigated to the Login Page
2024-12-03 16:17:14,645 :INFO : Login : Entered the email
2024-12-03 16:17:14,696 :INFO : Login : Entered the password
2024-12-03 16:17:14,761 :INFO : Login : Login button clicked
2024-12-03 16:25:12,326 :INFO : setup : Launching the application
2024-12-03 16:25:18,229 :INFO : test_login : Navigated to the Login Page
2024-12-03 16:25:18,295 :INFO : test_login : Entered the email
2024-12-03 16:25:18,344 :INFO : test_login : Entered the password
2024-12-03 16:25:18,404 :INFO : test_login : Login button clicked
2024-12-03 16:26:15,928 :INFO : setup : Launching the application
2024-12-03 16:26:21,309 :INFO : test_login : Navigated to the Login Page
2024-12-03 16:26:21,374 :INFO : test_login : Entered the email
2024-12-03 16:26:21,420 :INFO : test_login : Entered the password
2024-12-03 16:26:21,479 :INFO : test_login : Login button clicked
2024-12-03 16:27:00,805 :INFO : setup : Launching the application
2024-12-03 16:27:02,872 :INFO : test_login : Navigated to the Login Page
2024-12-03 16:27:02,937 :INFO : test_login : Entered the email
2024-12-03 16:27:02,982 :INFO : test_login : Entered the password
2024-12-03 16:27:03,042 :INFO : test_login : Login button clicked
2024-12-03 16:27:43,374 :INFO : setup : Launching the application
2024-12-03 16:27:45,156 :INFO : test_login : Navigated to the Login Page
2024-12-03 16:27:45,218 :INFO : test_login : Entered the email
2024-12-03 16:27:45,264 :INFO : test_login : Entered the password
2024-12-03 16:27:45,325 :INFO : test_login : Login button clicked
2024-12-03 16:30:23,155 :INFO : setup : Launching the application
2024-12-03 16:30:24,974 :INFO : test_login : Navigated to the Login Page
2024-12-03 16:30:25,038 :INFO : test_login : Entered the email
2024-12-03 16:30:25,086 :INFO : test_login : Entered the password
2024-12-03 16:30:25,144 :INFO : test_login : Login button clicked
2024-12-03 16:30:28,181 :INFO : test_login : Login successful
2024-12-03 16:30:43,650 :INFO : setup : Launching the application
2024-12-03 16:30:45,506 :INFO : test_login : Navigated to the Login Page
2024-12-03 16:30:45,570 :INFO : test_login : Entered the email
2024-12-03 16:30:45,618 :INFO : test_login : Entered the password
2024-12-03 16:30:45,676 :INFO : test_login : Login button clicked
2024-12-03 16:30:45,696 :INFO : test_login : Login successful
2024-12-03 16:34:29,554 :INFO : setup : Launching the application
2024-12-03 16:34:35,034 :INFO : test_login : Navigated to the Login Page
2024-12-03 16:34:35,105 :INFO : test_login : Entered the email
2024-12-03 16:34:35,158 :INFO : test_login : Entered the password
2024-12-03 16:34:35,224 :INFO : test_login : Login button clicked
2024-12-03 16:34:35,242 :INFO : test_login : Login successful
2024-12-03 16:38:06,079 :INFO : setup : Launching the application
2024-12-03 16:38:12,380 :INFO : AccountRegister :.....test_account_reg started......
2024-12-03 16:38:12,871 :INFO : AccountRegister : Entering the registration details
2024-12-03 16:38:13,046 :INFO : AccountRegister : 9cqik@gmail.com
2024-12-03 16:38:15,366 :INFO : AccountRegister : Account created!....
2024-12-03 16:38:20,743 :INFO : setup : Launching the application
2024-12-03 16:38:28,290 :INFO : test_login : Navigated to the Login Page
2024-12-03 16:38:28,362 :INFO : test_login : Entered the email
2024-12-03 16:38:28,414 :INFO : test_login : Entered the password
2024-12-03 16:38:28,486 :INFO : test_login : Login button clicked
2024-12-03 16:38:28,503 :INFO : test_login : Login successful
2024-12-03 16:38:33,370 :INFO : setup : Launching the application
2024-12-03 16:49:21,130 :INFO : setup : Launching the application
2024-12-03 16:51:44,403 :INFO : setup : Launching the application
2024-12-03 16:52:25,150 :INFO : setup : Launching the application
2024-12-03 16:52:51,056 :INFO : setup : Launching the application
2024-12-03 17:02:48,297 :INFO : setup : Launching the application
2024-12-03 17:10:50,989 :INFO : setup : Launching the application
2024-12-03 17:12:24,518 :INFO : setup : Launching the application
2024-12-03 17:13:59,720 :INFO : setup : Launching the application
2024-12-03 17:31:58,831 :INFO : setup : Launching the application
2024-12-03 17:32:49,194 :INFO : setup : Launching the application
2024-12-03 17:33:18,257 :INFO : setup : Launching the application
2024-12-03 17:33:33,249 :INFO : setup : Launching the application
2024-12-03 17:36:58,477 :INFO : setup : Launching the application
2024-12-03 17:40:45,926 :INFO : setup : Launching the application
2024-12-03 17:43:58,864 :INFO : setup : Launching the application
2024-12-03 17:45:28,602 :INFO : setup : Launching the application
2024-12-04 11:39:40,949 :INFO : setup : Launching the application
2024-12-04 11:45:08,143 :INFO : setup : Launching the application
2024-12-04 11:47:31,611 :INFO : setup : Launching the application
2024-12-04 11:47:42,939 :INFO : setup : Launching the application
2024-12-04 11:47:54,318 :INFO : setup : Launching the application
2024-12-04 11:48:32,045 :INFO : setup : Launching the application
2024-12-04 11:49:24,237 :INFO : setup : Launching the application
2024-12-04 11:49:34,656 :INFO : setup : Launching the application
2024-12-04 11:49:45,734 :INFO : setup : Launching the application
2024-12-04 12:49:22,533 :INFO : setup : Launching the application
2024-12-04 12:50:45,374 :INFO : setup : Launching the application
2024-12-05 11:32:59,384 :INFO : setup : Launching the application
2024-12-05 11:33:03,106 :INFO : AccountRegister :.....test_account_reg started......
2024-12-05 11:33:03,482 :INFO : AccountRegister : Entering the registration details
2024-12-05 11:33:03,645 :INFO : AccountRegister : 7ac3o@gmail.com
2024-12-05 11:33:05,938 :INFO : AccountRegister : Account created!....
2024-12-05 11:33:06,052 :INFO : setup : Launching the application
2024-12-05 11:33:06,052 :INFO : setup : Launching the application
2024-12-05 11:34:03,141 :INFO : setup : Launching the application
2024-12-05 11:34:06,802 :INFO : AccountRegister :.....test_account_reg started......
2024-12-05 11:34:07,158 :INFO : AccountRegister : Entering the registration details
2024-12-05 11:34:07,317 :INFO : AccountRegister : 42n1j@gmail.com
2024-12-05 11:34:09,599 :INFO : AccountRegister : Account created!....
2024-12-05 11:34:09,721 :INFO : setup : Launching the application
2024-12-05 11:34:09,721 :INFO : setup : Launching the application
2024-12-05 11:34:14,330 :INFO : test_login : Navigated to the Login Page
2024-12-05 11:34:14,401 :INFO : test_login : Entered the email
2024-12-05 11:34:14,447 :INFO : test_login : Entered the password
2024-12-05 11:34:14,507 :INFO : test_login : Login button clicked
2024-12-05 11:34:15,563 :INFO : test_login : Login successful
2024-12-05 11:55:52,674 :INFO : setup : Launching the application
2024-12-05 11:55:54,152 :INFO : AccountRegister :.....test_account_reg started......
2024-12-05 11:55:54,538 :INFO : AccountRegister : Entering the registration details
2024-12-05 11:55:54,694 :INFO : AccountRegister : x8u9k@gmail.com
2024-12-05 11:55:56,948 :INFO : AccountRegister : Account created!....
2024-12-05 11:55:57,010 :INFO : setup : Launching the application
2024-12-05 11:55:57,010 :INFO : setup : Launching the application
2024-12-05 11:55:58,881 :INFO : test_login : Navigated to the Login Page
2024-12-05 11:55:58,949 :INFO : test_login : Entered the email
2024-12-05 11:55:58,995 :INFO : test_login : Entered the password
2024-12-05 11:55:59,053 :INFO : test_login : Login button clicked
2024-12-05 11:55:59,457 :INFO : test_login : Login successful
2024-12-05 11:59:22,647 :INFO : setup : Launching the application
2024-12-05 11:59:24,805 :INFO : AccountRegister :.....test_account_reg started......
2024-12-05 11:59:25,158 :INFO : AccountRegister : Entering the registration details
2024-12-05 11:59:25,318 :INFO : AccountRegister : pbngn@gmail.com
2024-12-05 11:59:27,603 :INFO : AccountRegister : Account created!....
2024-12-05 11:59:27,676 :INFO : setup : Launching the application
2024-12-05 11:59:27,676 :INFO : setup : Launching the application
2024-12-05 11:59:32,022 :INFO : test_login : Navigated to the Login Page
2024-12-05 11:59:32,090 :INFO : test_login : Entered the email
2024-12-05 11:59:32,136 :INFO : test_login : Entered the password
2024-12-05 11:59:32,194 :INFO : test_login : Login button clicked
2024-12-05 11:59:32,873 :INFO : test_login : Login successful
